2015-06-21 13:53:17,856 - Loaded System Directive: org.apache.velocity.runtime.directive.Parse
2015-06-21 13:53:17,856 - Loaded System Directive: org.apache.velocity.runtime.directive.Include
2015-06-21 13:53:17,856 - Loaded System Directive: org.apache.velocity.runtime.directive.Foreach
2015-06-21 13:53:17,857 - Created '20' parsers.
2015-06-21 13:53:17,857 - Velocimacro : "velocimacro.library" is not set.  Trying default library: VM_global_library.vm
2015-06-21 13:53:17,857 - Velocimacro : Default library not found.
2015-06-21 13:53:17,857 - Velocimacro : allowInline = true : VMs can be defined inline in templates
2015-06-21 13:53:17,857 - Velocimacro : allowInlineToOverride = false : VMs defined inline may NOT replace previous VM definitions
2015-06-21 13:53:17,857 - Velocimacro : allowInlineLocal = false : VMs defined inline will be global in scope if allowed.
2015-06-21 13:53:17,857 - Velocimacro : autoload off : VM system will not automatically reload global library macros
2015-06-21 13:53:17,872 - ResourceManager : found ./src/main/resources/templates/roster.vm with loader org.apache.velocity.runtime.resource.loader.FileResourceLoader
2015-06-21 13:53:17,873 - ResourceManager : found ./src/main/resources/templates/cabecera.vm with loader org.apache.velocity.runtime.resource.loader.FileResourceLoader
2015-06-21 13:53:17,904 - Log4JLogChute initialized using file 'velocity.log'
2015-06-21 13:53:17,904 - Initializing Velocity, Calling init()...
2015-06-21 13:53:17,904 - Starting Apache Velocity v1.7 (compiled: 2010-11-19 12:14:37)
2015-06-21 13:53:17,904 - Default Properties File: org\apache\velocity\runtime\defaults\velocity.properties
2015-06-21 13:53:17,904 - Trying to use logger class org.apache.velocity.runtime.log.AvalonLogChute
2015-06-21 13:53:17,904 - Target log system for org.apache.velocity.runtime.log.AvalonLogChute is not available (java.lang.NoClassDefFoundError: org/apache/log/format/Formatter).  Falling back to next log system...
2015-06-21 13:53:17,904 - Trying to use logger class org.apache.velocity.runtime.log.Log4JLogChute
2015-06-21 13:53:17,904 - Using logger class org.apache.velocity.runtime.log.Log4JLogChute
2015-06-21 13:53:17,904 - ResourceLoader instantiated: org.apache.velocity.runtime.resource.loader.FileResourceLoader
2015-06-21 13:53:17,904 - Do unicode file recognition:  false
2015-06-21 13:53:17,904 - FileResourceLoader : adding path '.'
2015-06-21 13:53:17,904 - ResourceCache: initialized (class org.apache.velocity.runtime.resource.ResourceCacheImpl) with class java.util.Collections$SynchronizedMap cache map.
2015-06-21 13:53:17,905 - Loaded System Directive: org.apache.velocity.runtime.directive.Stop
2015-06-21 13:53:17,905 - Loaded System Directive: org.apache.velocity.runtime.directive.Define
2015-06-21 13:53:17,905 - Loaded System Directive: org.apache.velocity.runtime.directive.Break
2015-06-21 13:53:17,905 - Loaded System Directive: org.apache.velocity.runtime.directive.Evaluate
2015-06-21 13:53:17,905 - Loaded System Directive: org.apache.velocity.runtime.directive.Literal
2015-06-21 13:53:17,905 - Loaded System Directive: org.apache.velocity.runtime.directive.Macro
2015-06-21 13:53:17,905 - Loaded System Directive: org.apache.velocity.runtime.directive.Parse
2015-06-21 13:53:17,905 - Loaded System Directive: org.apache.velocity.runtime.directive.Include
2015-06-21 13:53:17,905 - Loaded System Directive: org.apache.velocity.runtime.directive.Foreach
2015-06-21 13:53:17,906 - Created '20' parsers.
2015-06-21 13:53:17,906 - Velocimacro : "velocimacro.library" is not set.  Trying default library: VM_global_library.vm
2015-06-21 13:53:17,906 - Velocimacro : Default library not found.
2015-06-21 13:53:17,906 - Velocimacro : allowInline = true : VMs can be defined inline in templates
2015-06-21 13:53:17,906 - Velocimacro : allowInlineToOverride = false : VMs defined inline may NOT replace previous VM definitions
2015-06-21 13:53:17,906 - Velocimacro : allowInlineLocal = false : VMs defined inline will be global in scope if allowed.
2015-06-21 13:53:17,906 - Velocimacro : autoload off : VM system will not automatically reload global library macros
2015-06-21 13:53:17,910 - ResourceManager : found ./src/main/resources/templates/fa.vm with loader org.apache.velocity.runtime.resource.loader.FileResourceLoader
2015-06-21 13:53:17,911 - ResourceManager : found ./src/main/resources/templates/cabecera.vm with loader org.apache.velocity.runtime.resource.loader.FileResourceLoader
ective: org.apache.velocity.runtime.directive.Define
2015-06-21 13:53:17,905 - Loaded System Directive: org.apache.velocity.runtime.directive.Break
2015-06-21 13:53:17,905 - Loaded System Directive: org.apache.velocity.runtime.directive.Evaluate
2015-06-21 13:53:17,905 - Loaded System Directive: org.apache.velocity.runtime.directive.Literal
2015-06-21 13:53:17,905 - Loaded System Directive: org.apache.velocity.runtime.directive.Macro
2015-06-21 13:53:17,905 - Loaded System Directive: org.apache.velocity.runtime.directive.Parse
2015-06-21 13:53:17,905 - Loaded System Directive: org.apache.velocity.runtime.directive.Include
2015-06-21 13:53:17,905 - Loaded System Directive: org.apache.velocity.runtime.directive.Foreach
2015-06-21 13:53:17,906 - Created '20' parsers.
2015-06-21 13:53:17,906 - Velocimacro : "velocimacro.library" is not set.  Trying default library: VM_global_library.vm
2015-06-21 13:53:17,906 - Velocimacro : Default library not found.
2015-06-21 13:53:17,906 - Velocimacro : allowInline = true : VMs can be defined inline in templates
2015-06-21 13:53:17,906 - Velocimacro : allowInlineToOverride = false : VMs defined inline may NOT replace previous VM definitions
2015-06-21 13:53:17,906 - Velocimacro : allowInlineLocal = false : VMs defined inline will be global in scope if allowed.
2015-06-21 13:53:17,906 - Velocimacro : autoload off : VM system will not automatically reload global library macros
2015-06-21 13:53:17,910 - ResourceManager : found ./src/main/resources/templates/fa.vm with loader org.apache.velocity.runtime.resource.loader.FileResourceLoader
2015-06-21 13:53:17,911 - ResourceManager : found ./src/main/resources/templates/cabecera.vm with loader org.apache.velocity.runtime.resource.loader.FileResourceLoader
ty.runtime.resource.loader.FileResourceLoader
2015-06-21 13:53:17,911 - ResourceManager : found ./src/main/resources/templates/cabecera.vm with loader org.apache.velocity.runtime.resource.loader.FileResourceLoader
2015-06-21 13:56:19,163 - Log4JLogChute initialized using file 'velocity.log'
2015-06-21 13:56:19,163 - Initializing Velocity, Calling init()...
2015-06-21 13:56:19,163 - Starting Apache Velocity v1.7 (compiled: 2010-11-19 12:14:37)
2015-06-21 13:56:19,163 - Default Properties File: org\apache\velocity\runtime\defaults\velocity.properties
2015-06-21 13:56:19,163 - Trying to use logger class org.apache.velocity.runtime.log.AvalonLogChute
2015-06-21 13:56:19,163 - Target log system for org.apache.velocity.runtime.log.AvalonLogChute is not available (java.lang.NoClassDefFoundError: org/apache/log/format/Formatter).  Falling back to next log system...
2015-06-21 13:56:19,163 - Trying to use logger class org.apache.velocity.runtime.log.Log4JLogChute
2015-06-21 13:56:19,163 - Using logger class org.apache.velocity.runtime.log.Log4JLogChute
2015-06-21 13:56:19,167 - ResourceLoader instantiated: org.apache.velocity.runtime.resource.loader.FileResourceLoader
2015-06-21 13:56:19,168 - Do unicode file recognition:  false
2015-06-21 13:56:19,168 - FileResourceLoader : adding path '.'
2015-06-21 13:56:19,176 - ResourceCache: initialized (class org.apache.velocity.runtime.resource.ResourceCacheImpl) with class java.util.Collections$SynchronizedMap cache map.
2015-06-21 13:56:19,177 - Loaded System Directive: org.apache.velocity.runtime.directive.Stop
2015-06-21 13:56:19,178 - Loaded System Directive: org.apache.velocity.runtime.directive.Define
2015-06-21 13:56:19,178 - Loaded System Directive: org.apache.velocity.runtime.directive.Break
2015-06-21 13:56:19,178 - Loaded System Directive: org.apache.velocity.runtime.directive.Evaluate
2015-06-21 13:56:19,179 - Loaded System Directive: org.apache.velocity.runtime.directive.Literal
2015-06-21 13:56:19,180 - Loaded System Directive: org.apache.velocity.runtime.directive.Macro
2015-06-21 13:56:19,180 - Loaded System Directive: org.apache.velocity.runtime.directive.Parse
2015-06-21 13:56:19,181 - Loaded System Directive: org.apache.velocity.runtime.directive.Include
2015-06-21 13:56:19,182 - Loaded System Directive: org.apache.velocity.runtime.directive.Foreach
2015-06-21 13:56:19,204 - Created '20' parsers.
2015-06-21 13:56:19,208 - Velocimacro : "velocimacro.library" is not set.  Trying default library: VM_global_library.vm
2015-06-21 13:56:19,208 - Velocimacro : Default library not found.
2015-06-21 13:56:19,208 - Velocimacro : allowInline = true : VMs can be defined inline in templates
2015-06-21 13:56:19,208 - Velocimacro : allowInlineToOverride = false : VMs defined inline may NOT replace previous VM definitions
2015-06-21 13:56:19,208 - Velocimacro : allowInlineLocal = false : VMs defined inline will be global in scope if allowed.
2015-06-21 13:56:19,208 - Velocimacro : autoload off : VM system will not automatically reload global library macros
2015-06-21 13:56:19,230 - ResourceManager : found ./src/main/resources/templates/todos.vm with loader org.apache.velocity.runtime.resource.loader.FileResourceLoader
2015-06-21 13:56:19,233 - ResourceManager : found ./src/main/resources/templates/cabecera.vm with loader org.apache.velocity.runtime.resource.loader.FileResourceLoader
2015-06-21 13:56:19,285 - Left side ($jugador.obs) of '==' operation has null value. If it is a reference, it may not be in the context or its toString() returned null. ./src/main/resources/templates/todos.vm[line 113, column 111]
2015-06-21 13:56:19,285 - Left side ($jugador.obs) of '==' operation has null value. If it is a reference, it may not be in the context or its toString() returned null. ./src/main/resources/templates/todos.vm[line 123, column 112]
2015-06-21 13:56:19,286 - Left side ($jugador.obs) of '==' operation has null value. If it is a reference, it may not be in the context or its toString() returned null. ./src/main/resources/templates/todos.vm[line 113, column 111]
2015-06-21 13:56:19,286 - Left side ($jugador.obs) of '==' operation has null value. If it is a reference, it may not be in the context or its toString() returned null. ./src/main/resources/templates/todos.vm[line 123, column 112]
2015-06-21 13:56:19,290 - Left side ($jugador.obs) of '==' operation has null value. If it is a reference, it may not be in the context or its toString() returned null. ./src/main/resources/templates/todos.vm[line 113, column 111]
2015-06-21 13:56:19,291 - Left side ($jugador.obs) of '==' operation has null value. If it is a reference, it may not be in the context or its toString() returned null. ./src/main/resources/templates/todos.vm[line 123, column 112]
2015-06-21 13:56:19,305 - Left side ($jugador.obs) of '==' operation has null value. If it is a reference, it may not be in the context or its toString() returned null. ./src/main/resources/templates/todos.vm[line 113, column 111]
2015-06-21 13:56:19,305 - Left side ($jugador.obs) of '==' operation has null value. If it is a reference, it may not be in the context or its toString() returned null. ./src/main/resources/templates/todos.vm[line 123, column 112]
2015-06-21 13:56:19,306 - Left side ($jugador.obs) of '==' operation has null value. If it is a reference, it may not be in the context or its toString() returned null. ./src/main/resources/templates/todos.vm[line 113, column 111]
2015-06-21 13:56:19,306 - Left side ($jugador.obs) of '==' operation has null value. If it is a reference, it may not be in the context or its toString() returned null. ./src/main/resources/templates/todos.vm[line 123, column 112]
2015-06-21 13:56:19,307 - Left side ($jugador.obs) of '==' operation has null value. If it is a reference, it may not be in the context or its toString() returned null. ./src/main/resources/templates/todos.vm[line 113, column 111]
2015-06-21 13:56:19,307 - Left side ($jugador.obs) of '==' operation has null value. If it is a reference, it may not be in the context or its toString() returned null. ./src/main/resources/templates/todos.vm[line 123, column 112]
2015-06-21 13:56:19,307 - Left side ($jugador.obs) of '==' operation has null value. If it is a reference, it may not be in the context or its toString() returned null. ./src/main/resources/templates/todos.vm[line 113, column 111]
2015-06-21 13:56:19,307 - Left side ($jugador.obs) of '==' operation has null value. If it is a reference, it may not be in the context or its toString() returned null. ./src/main/resources/templates/todos.vm[line 123, column 112]
2015-06-21 13:56:19,308 - Left side ($jugador.obs) of '==' operation has null value. If it is a reference, it may not be in the context or its toString() returned null. ./src/main/resources/templates/todos.vm[line 113, column 111]
2015-06-21 13:56:19,308 - Left side ($jugador.obs) of '==' operation has null value. If it is a reference, it may not be in the context or its toString() returned null. ./src/main/resources/templates/todos.vm[line 123, column 112]
2015-06-21 13:56:19,310 - Left side ($jugador.obs) of '==' operation has null value. If it is a reference, it may not be in the context or its toString() returned null. ./src/main/resources/templates/todos.vm[line 113, column 111]
2015-06-21 13:56:19,310 - Left side ($jugador.obs) of '==' operation has null value. If it is a reference, it may not be in the context or its toString() returned null. ./src/main/resources/templates/todos.vm[line 123, column 112]
2015-06-21 13:56:19,312 - Left side ($jugador.obs) of '==' operation has null value. If it is a reference, it may not be in the context or its toString() returned null. ./src/main/resources/templates/todos.vm[line 113, column 111]
2015-06-21 13:56:19,312 - Left side ($jugador.obs) of '==' operation has null value. If it is a reference, it may not be in the context or its toString() returned null. ./src/main/resources/templates/todos.vm[line 123, column 112]
2015-06-21 13:56:19,319 - Left side ($jugador.obs) of '==' operation has null value. If it is a reference, it may not be in the context or its toString() returned null. ./src/main/resources/templates/todos.vm[line 113, column 111]
2015-06-21 13:56:19,319 - Left side ($jugador.obs) of '==' operation has null value. If it is a reference, it may not be in the context or its toString() returned null. ./src/main/resources/templates/todos.vm[line 123, column 112]
2015-06-21 13:56:19,328 - Left side ($jugador.obs) of '==' operation has null value. If it is a reference, it may not be in the context or its toString() returned null. ./src/main/resources/templates/todos.vm[line 113, column 111]
2015-06-21 13:56:19,328 - Left side ($jugador.obs) of '==' operation has null value. If it is a reference, it may not be in the context or its toString() returned null. ./src/main/resources/templates/todos.vm[line 123, column 112]
2015-06-21 13:56:19,330 - Left side ($jugador.obs) of '==' operation has null value. If it is a reference, it may not be in the context or its toString() returned null. ./src/main/resources/templates/todos.vm[line 113, column 111]
2015-06-21 13:56:19,330 - Left side ($jugador.obs) of '==' operation has null value. If it is a reference, it may not be in the context or its toString() returned null. ./src/main/resources/templates/todos.vm[line 123, column 112]
2015-06-21 13:56:19,330 - Left side ($jugador.obs) of '==' operation has null value. If it is a reference, it may not be in the context or its toString() returned null. ./src/main/resources/templates/todos.vm[line 113, column 111]
2015-06-21 13:56:19,330 - Left side ($jugador.obs) of '==' operation has null value. If it is a reference, it may not be in the context or its toString() returned null. ./src/main/resources/templates/todos.vm[line 123, column 112]
2015-06-21 13:56:19,332 - Left side ($jugador.obs) of '==' operation has null value. If it is a reference, it may not be in the context or its toString() returned null. ./src/main/resources/templates/todos.vm[line 113, column 111]
2015-06-21 13:56:19,332 - Left side ($jugador.obs) of '==' operation has null value. If it is a reference, it may not be in the context or its toString() returned null. ./src/main/resources/templates/todos.vm[line 123, column 112]
2015-06-21 13:56:19,333 - Left side ($jugador.obs) of '==' operation has null value. If it is a reference, it may not be in the context or its toString() returned null. ./src/main/resources/templates/todos.vm[line 113, column 111]
2015-06-21 13:56:19,333 - Left side ($jugador.obs) of '==' operation has null value. If it is a reference, it may not be in the context or its toString() returned null. ./src/main/resources/templates/todos.vm[line 123, column 112]
2015-06-21 13:56:19,491 - Log4JLogChute initialized using file 'velocity.log'
2015-06-21 13:56:19,491 - Log4JLogChute initialized using file 'velocity.log'
2015-06-21 13:56:19,491 - Initializing Velocity, Calling init()...
2015-06-21 13:56:19,491 - Initializing Velocity, Calling init()...
2015-06-21 13:56:19,491 - Starting Apache Velocity v1.7 (compiled: 2010-11-19 12:14:37)
2015-06-21 13:56:19,491 - Starting Apache Velocity v1.7 (compiled: 2010-11-19 12:14:37)
2015-06-21 13:56:19,491 - Default Properties File: org\apache\velocity\runtime\defaults\velocity.properties
2015-06-21 13:56:19,491 - Default Properties File: org\apache\velocity\runtime\defaults\velocity.properties
2015-06-21 13:56:19,491 - Trying to use logger class org.apache.velocity.runtime.log.AvalonLogChute
2015-06-21 13:56:19,491 - Trying to use logger class org.apache.velocity.runtime.log.AvalonLogChute
2015-06-21 13:56:19,491 - Target log system for org.apache.velocity.runtime.log.AvalonLogChute is not available (java.lang.NoClassDefFoundError: org/apache/log/format/Formatter).  Falling back to next log system...
2015-06-21 13:56:19,491 - Target log system for org.apache.velocity.runtime.log.AvalonLogChute is not available (java.lang.NoClassDefFoundError: org/apache/log/format/Formatter).  Falling back to next log system...
2015-06-21 13:56:19,491 - Trying to use logger class org.apache.velocity.runtime.log.Log4JLogChute
2015-06-21 13:56:19,491 - Trying to use logger class org.apache.velocity.runtime.log.Log4JLogChute
2015-06-21 13:56:19,491 - Using logger class org.apache.velocity.runtime.log.Log4JLogChute
2015-06-21 13:56:19,491 - Using logger class org.apache.velocity.runtime.log.Log4JLogChute
2015-06-21 13:56:19,492 - ResourceLoader instantiated: org.apache.velocity.runtime.resource.loader.FileResourceLoader
2015-06-21 13:56:19,492 - ResourceLoader instantiated: org.apache.velocity.runtime.resource.loader.FileResourceLoader
2015-06-21 13:56:19,492 - Do unicode file recognition:  false
2015-06-21 13:56:19,492 - Do unicode file recognition:  false
2015-06-21 13:56:19,492 - FileResourceLoader : adding path '.'
2015-06-21 13:56:19,492 - FileResourceLoader : adding path '.'
2015-06-21 13:56:19,492 - ResourceCache: initialized (class org.apache.velocity.runtime.resource.ResourceCacheImpl) with class java.util.Collections$SynchronizedMap cache map.
2015-06-21 13:56:19,492 - ResourceCache: initialized (class org.apache.velocity.runtime.resource.ResourceCacheImpl) with class java.util.Collections$SynchronizedMap cache map.
2015-06-21 13:56:19,492 - Loaded System Directive: org.apache.velocity.runtime.directive.Stop
2015-06-21 13:56:19,492 - Loaded System Directive: org.apache.velocity.runtime.directive.Stop
2015-06-21 13:56:19,492 - Loaded System Directive: org.apache.velocity.runtime.directive.Define
2015-06-21 13:56:19,492 - Loaded System Directive: org.apache.velocity.runtime.directive.Define
2015-06-21 13:56:19,493 - Loaded System Directive: org.apache.velocity.runtime.directive.Break
2015-06-21 13:56:19,493 - Loaded System Directive: org.apache.velocity.runtime.directive.Break
2015-06-21 13:56:19,493 - Loaded System Directive: org.apache.velocity.runtime.directive.Evaluate
2015-06-21 13:56:19,493 - Loaded System Directive: org.apache.velocity.runtime.directive.Evaluate
2015-06-21 13:56:19,493 - Loaded System Directive: org.apache.velocity.runtime.directive.Literal
2015-06-21 13:56:19,493 - Loaded System Directive: org.apache.velocity.runtime.directive.Literal
2015-06-21 13:56:19,493 - Loaded System Directive: org.apache.velocity.runtime.directive.Macro
2015-06-21 13:56:19,493 - Loaded System Directive: org.apache.velocity.runtime.directive.Macro
2015-06-21 13:56:19,493 - Loaded System Directive: org.apache.velocity.runtime.directive.Parse
2015-06-21 13:56:19,493 - Loaded System Directive: org.apache.velocity.runtime.directive.Parse
2015-06-21 13:56:19,493 - Loaded System Directive: org.apache.velocity.runtime.directive.Include
2015-06-21 13:56:19,493 - Loaded System Directive: org.apache.velocity.runtime.directive.Include
2015-06-21 13:56:19,493 - Loaded System Directive: org.apache.velocity.runtime.directive.Foreach
2015-06-21 13:56:19,493 - Loaded System Directive: org.apache.velocity.runtime.directive.Foreach
2015-06-21 13:56:19,512 - Created '20' parsers.
2015-06-21 13:56:19,512 - Velocimacro : "velocimacro.library" is not set.  Trying default library: VM_global_library.vm
2015-06-21 13:56:19,512 - Velocimacro : Default library not found.
2015-06-21 13:56:19,512 - Velocimacro : allowInline = true : VMs can be defined inline in templates
2015-06-21 13:56:19,512 - Velocimacro : allowInlineToOverride = false : VMs defined inline may NOT replace previous VM definitions
2015-06-21 13:56:19,512 - Velocimacro : allowInlineLocal = false : VMs defined inline will be global in scope if allowed.
2015-06-21 13:56:19,512 - Velocimacro : autoload off : VM system will not automatically reload global library macros
2015-06-21 13:56:19,534 - ResourceManager : found ./src/main/resources/templates/roster.vm with loader org.apache.velocity.runtime.resource.loader.FileResourceLoader
2015-06-21 13:56:19,536 - ResourceManager : found ./src/main/resources/templates/cabecera.vm with loader org.apache.velocity.runtime.resource.loader.FileResourceLoader
2015-06-21 13:56:20,553 - Log4JLogChute initialized using file 'velocity.log'
2015-06-21 13:56:20,553 - Log4JLogChute initialized using file 'velocity.log'
2015-06-21 13:56:20,553 - Initializing Velocity, Calling init()...
2015-06-21 13:56:20,553 - Initializing Velocity, Calling init()...
2015-06-21 13:56:20,553 - Starting Apache Velocity v1.7 (compiled: 2010-11-19 12:14:37)
2015-06-21 13:56:20,553 - Starting Apache Velocity v1.7 (compiled: 2010-11-19 12:14:37)
2015-06-21 13:56:20,553 - Default Properties File: org\apache\velocity\runtime\defaults\velocity.properties
2015-06-21 13:56:20,553 - Default Properties File: org\apache\velocity\runtime\defaults\velocity.properties
2015-06-21 13:56:20,553 - Trying to use logger class org.apache.velocity.runtime.log.AvalonLogChute
2015-06-21 13:56:20,553 - Trying to use logger class org.apache.velocity.runtime.log.AvalonLogChute
2015-06-21 13:56:20,553 - Target log system for org.apache.velocity.runtime.log.AvalonLogChute is not available (java.lang.NoClassDefFoundError: org/apache/log/format/Formatter).  Falling back to next log system...
2015-06-21 13:56:20,553 - Target log system for org.apache.velocity.runtime.log.AvalonLogChute is not available (java.lang.NoClassDefFoundError: org/apache/log/format/Formatter).  Falling back to next log system...
2015-06-21 13:56:20,553 - Trying to use logger class org.apache.velocity.runtime.log.Log4JLogChute
2015-06-21 13:56:20,553 - Trying to use logger class org.apache.velocity.runtime.log.Log4JLogChute
2015-06-21 13:56:20,553 - Using logger class org.apache.velocity.runtime.log.Log4JLogChute
2015-06-21 13:56:20,553 - Using logger class org.apache.velocity.runtime.log.Log4JLogChute
2015-06-21 13:56:20,553 - ResourceLoader instantiated: org.apache.velocity.runtime.resource.loader.FileResourceLoader
2015-06-21 13:56:20,553 - ResourceLoader instantiated: org.apache.velocity.runtime.resource.loader.FileResourceLoader
2015-06-21 13:56:20,554 - Do unicode file recognition:  false
2015-06-21 13:56:20,554 - Do unicode file recognition:  false
2015-06-21 13:56:20,554 - FileResourceLoader : adding path '.'
2015-06-21 13:56:20,554 - FileResourceLoader : adding path '.'
2015-06-21 13:56:20,554 - ResourceCache: initialized (class org.apache.velocity.runtime.resource.ResourceCacheImpl) with class java.util.Collections$SynchronizedMap cache map.
2015-06-21 13:56:20,554 - ResourceCache: initialized (class org.apache.velocity.runtime.resource.ResourceCacheImpl) with class java.util.Collections$SynchronizedMap cache map.
2015-06-21 13:56:20,554 - Loaded System Directive: org.apache.velocity.runtime.directive.Stop
2015-06-21 13:56:20,554 - Loaded System Directive: org.apache.velocity.runtime.directive.Stop
2015-06-21 13:56:20,554 - Loaded System Directive: org.apache.velocity.runtime.directive.Define
2015-06-21 13:56:20,554 - Loaded System Directive: org.apache.velocity.runtime.directive.Define
2015-06-21 13:56:20,554 - Loaded System Directive: org.apache.velocity.runtime.directive.Break
2015-06-21 13:56:20,554 - Loaded System Directive: org.apache.velocity.runtime.directive.Break
2015-06-21 13:56:20,554 - Loaded System Directive: org.apache.velocity.runtime.directive.Evaluate
2015-06-21 13:56:20,554 - Loaded System Directive: org.apache.velocity.runtime.directive.Evaluate
2015-06-21 13:56:20,555 - Loaded System Directive: org.apache.velocity.runtime.directive.Literal
2015-06-21 13:56:20,555 - Loaded System Directive: org.apache.velocity.runtime.directive.Literal
2015-06-21 13:56:20,555 - Loaded System Directive: org.apache.velocity.runtime.directive.Macro
2015-06-21 13:56:20,555 - Loaded System Directive: org.apache.velocity.runtime.directive.Macro
2015-06-21 13:56:20,555 - Loaded System Directive: org.apache.velocity.runtime.directive.Parse
2015-06-21 13:56:20,555 - Loaded System Directive: org.apache.velocity.runtime.directive.Parse
2015-06-21 13:56:20,555 - Loaded System Directive: org.apache.velocity.runtime.directive.Include
2015-06-21 13:56:20,555 - Loaded System Directive: org.apache.velocity.runtime.directive.Include
2015-06-21 13:56:20,555 - Loaded System Directive: org.apache.velocity.runtime.directive.Foreach
2015-06-21 13:56:20,555 - Loaded System Directive: org.apache.velocity.runtime.directive.Foreach
2015-06-21 13:56:20,556 - Created '20' parsers.
2015-06-21 13:56:20,556 - Created '20' parsers.
2015-06-21 13:56:20,556 - Velocimacro : "velocimacro.library" is not set.  Trying default library: VM_global_library.vm
2015-06-21 13:56:20,556 - Velocimacro : "velocimacro.library" is not set.  Trying default library: VM_global_library.vm
2015-06-21 13:56:20,556 - Velocimacro : Default library not found.
2015-06-21 13:56:20,556 - Velocimacro : Default library not found.
2015-06-21 13:56:20,556 - Velocimacro : allowInline = true : VMs can be defined inline in templates
2015-06-21 13:56:20,556 - Velocimacro : allowInline = true : VMs can be defined inline in templates
2015-06-21 13:56:20,556 - Velocimacro : allowInlineToOverride = false : VMs defined inline may NOT replace previous VM definitions
2015-06-21 13:56:20,556 - Velocimacro : allowInlineToOverride = false : VMs defined inline may NOT replace previous VM definitions
2015-06-21 13:56:20,556 - Velocimacro : allowInlineLocal = false : VMs defined inline will be global in scope if allowed.
2015-06-21 13:56:20,556 - Velocimacro : allowInlineLocal = false : VMs defined inline will be global in scope if allowed.
2015-06-21 13:56:20,556 - Velocimacro : autoload off : VM system will not automatically reload global library macros
2015-06-21 13:56:20,556 - Velocimacro : autoload off : VM system will not automatically reload global library macros
2015-06-21 13:56:20,576 - ResourceManager : found ./src/main/resources/templates/roster.vm with loader org.apache.velocity.runtime.resource.loader.FileResourceLoader
2015-06-21 13:56:20,576 - ResourceManager : found ./src/main/resources/templates/roster.vm with loader org.apache.velocity.runtime.resource.loader.FileResourceLoader
2015-06-21 13:56:20,577 - ResourceManager : found ./src/main/resources/templates/cabecera.vm with loader org.apache.velocity.runtime.resource.loader.FileResourceLoader
2015-06-21 13:56:20,577 - ResourceManager : found ./src/main/resources/templates/cabecera.vm with loader org.apache.velocity.runtime.resource.loader.FileResourceLoader
2015-06-21 13:56:20,609 - Log4JLogChute initialized using file 'velocity.log'
2015-06-21 13:56:20,609 - Log4JLogChute initialized using file 'velocity.log'
2015-06-21 13:56:20,609 - Log4JLogChute initialized using file 'velocity.log'
2015-06-21 13:56:20,609 - Initializing Velocity, Calling init()...
2015-06-21 13:56:20,609 - Initializing Velocity, Calling init()...
2015-06-21 13:56:20,609 - Initializing Velocity, Calling init()...
2015-06-21 13:56:20,609 - Starting Apache Velocity v1.7 (compiled: 2010-11-19 12:14:37)
2015-06-21 13:56:20,609 - Starting Apache Velocity v1.7 (compiled: 2010-11-19 12:14:37)
2015-06-21 13:56:20,609 - Starting Apache Velocity v1.7 (compiled: 2010-11-19 12:14:37)
2015-06-21 13:56:20,609 - Default Properties File: org\apache\velocity\runtime\defaults\velocity.properties
2015-06-21 13:56:20,609 - Default Properties File: org\apache\velocity\runtime\defaults\velocity.properties
2015-06-21 13:56:20,609 - Default Properties File: org\apache\velocity\runtime\defaults\velocity.properties
2015-06-21 13:56:20,609 - Trying to use logger class org.apache.velocity.runtime.log.AvalonLogChute
2015-06-21 13:56:20,609 - Trying to use logger class org.apache.velocity.runtime.log.AvalonLogChute
2015-06-21 13:56:20,609 - Trying to use logger class org.apache.velocity.runtime.log.AvalonLogChute
2015-06-21 13:56:20,609 - Target log system for org.apache.velocity.runtime.log.AvalonLogChute is not available (java.lang.NoClassDefFoundError: org/apache/log/format/Formatter).  Falling back to next log system...
2015-06-21 13:56:20,609 - Target log system for org.apache.velocity.runtime.log.AvalonLogChute is not available (java.lang.NoClassDefFoundError: org/apache/log/format/Formatter).  Falling back to next log system...
2015-06-21 13:56:20,609 - Target log system for org.apache.velocity.runtime.log.AvalonLogChute is not available (java.lang.NoClassDefFoundError: org/apache/log/format/Formatter).  Falling back to next log system...
2015-06-21 13:56:20,609 - Trying to use logger class org.apache.velocity.runtime.log.Log4JLogChute
2015-06-21 13:56:20,609 - Trying to use logger class org.apache.velocity.runtime.log.Log4JLogChute
2015-06-21 13:56:20,609 - Trying to use logger class org.apache.velocity.runtime.log.Log4JLogChute
2015-06-21 13:56:20,609 - Using logger class org.apache.velocity.runtime.log.Log4JLogChute
2015-06-21 13:56:20,609 - Using logger class org.apache.velocity.runtime.log.Log4JLogChute
2015-06-21 13:56:20,609 - Using logger class org.apache.velocity.runtime.log.Log4JLogChute
2015-06-21 13:56:20,610 - ResourceLoader instantiated: org.apache.velocity.runtime.resource.loader.FileResourceLoader
2015-06-21 13:56:20,610 - ResourceLoader instantiated: org.apache.velocity.runtime.resource.loader.FileResourceLoader
2015-06-21 13:56:20,610 - ResourceLoader instantiated: org.apache.velocity.runtime.resource.loader.FileResourceLoader
2015-06-21 13:56:20,610 - Do unicode file recognition:  false
2015-06-21 13:56:20,610 - Do unicode file recognition:  false
2015-06-21 13:56:20,610 - Do unicode file recognition:  false
2015-06-21 13:56:20,610 - FileResourceLoader : adding path '.'
2015-06-21 13:56:20,610 - FileResourceLoader : adding path '.'
2015-06-21 13:56:20,610 - FileResourceLoader : adding path '.'
2015-06-21 13:56:20,610 - ResourceCache: initialized (class org.apache.velocity.runtime.resource.ResourceCacheImpl) with class java.util.Collections$SynchronizedMap cache map.
2015-06-21 13:56:20,610 - ResourceCache: initialized (class org.apache.velocity.runtime.resource.ResourceCacheImpl) with class java.util.Collections$SynchronizedMap cache map.
2015-06-21 13:56:20,610 - ResourceCache: initialized (class org.apache.velocity.runtime.resource.ResourceCacheImpl) with class java.util.Collections$SynchronizedMap cache map.
2015-06-21 13:56:20,610 - Loaded System Directive: org.apache.velocity.runtime.directive.Stop
2015-06-21 13:56:20,610 - Loaded System Directive: org.apache.velocity.runtime.directive.Stop
2015-06-21 13:56:20,610 - Loaded System Directive: org.apache.velocity.runtime.directive.Stop
2015-06-21 13:56:20,610 - Loaded System Directive: org.apache.velocity.runtime.directive.Define
2015-06-21 13:56:20,610 - Loaded System Directive: org.apache.velocity.runtime.directive.Define
2015-06-21 13:56:20,610 - Loaded System Directive: org.apache.velocity.runtime.directive.Define
2015-06-21 13:56:20,610 - Loaded System Directive: org.apache.velocity.runtime.directive.Break
2015-06-21 13:56:20,610 - Loaded System Directive: org.apache.velocity.runtime.directive.Break
2015-06-21 13:56:20,610 - Loaded System Directive: org.apache.velocity.runtime.directive.Break
2015-06-21 13:56:20,610 - Loaded System Directive: org.apache.velocity.runtime.directive.Evaluate
2015-06-21 13:56:20,610 - Loaded System Directive: org.apache.velocity.runtime.directive.Evaluate
2015-06-21 13:56:20,610 - Loaded System Directive: org.apache.velocity.runtime.directive.Evaluate
2015-06-21 13:56:20,610 - Loaded System Directive: org.apache.velocity.runtime.directive.Literal
2015-06-21 13:56:20,610 - Loaded System Directive: org.apache.velocity.runtime.directive.Literal
2015-06-21 13:56:20,610 - Loaded System Directive: org.apache.velocity.runtime.directive.Literal
2015-06-21 13:56:20,610 - Loaded System Directive: org.apache.velocity.runtime.directive.Macro
2015-06-21 13:56:20,610 - Loaded System Directive: org.apache.velocity.runtime.directive.Macro
2015-06-21 13:56:20,610 - Loaded System Directive: org.apache.velocity.runtime.directive.Macro
2015-06-21 13:56:20,610 - Loaded System Directive: org.apache.velocity.runtime.directive.Parse
2015-06-21 13:56:20,610 - Loaded System Directive: org.apache.velocity.runtime.directive.Parse
2015-06-21 13:56:20,610 - Loaded System Directive: org.apache.velocity.runtime.directive.Parse
2015-06-21 13:56:20,610 - Loaded System Directive: org.apache.velocity.runtime.directive.Include
2015-06-21 13:56:20,610 - Loaded System Directive: org.apache.velocity.runtime.directive.Include
2015-06-21 13:56:20,610 - Loaded System Directive: org.apache.velocity.runtime.directive.Include
2015-06-21 13:56:20,611 - Loaded System Directive: org.apache.velocity.runtime.directive.Foreach
2015-06-21 13:56:20,611 - Loaded System Directive: org.apache.velocity.runtime.directive.Foreach
2015-06-21 13:56:20,611 - Loaded System Directive: org.apache.velocity.runtime.directive.Foreach
2015-06-21 13:56:20,611 - Created '20' parsers.
2015-06-21 13:56:20,611 - Created '20' parsers.
2015-06-21 13:56:20,611 - Created '20' parsers.
2015-06-21 13:56:20,611 - Velocimacro : "velocimacro.library" is not set.  Trying default library: VM_global_library.vm
2015-06-21 13:56:20,611 - Velocimacro : "velocimacro.library" is not set.  Trying default library: VM_global_library.vm
2015-06-21 13:56:20,611 - Velocimacro : "velocimacro.library" is not set.  Trying default library: VM_global_library.vm
2015-06-21 13:56:20,611 - Velocimacro : Default library not found.
2015-06-21 13:56:20,611 - Velocimacro : Default library not found.
2015-06-21 13:56:20,611 - Velocimacro : Default library not found.
2015-06-21 13:56:20,611 - Velocimacro : allowInline = true : VMs can be defined inline in templates
2015-06-21 13:56:20,611 - Velocimacro : allowInline = true : VMs can be defined inline in templates
2015-06-21 13:56:20,611 - Velocimacro : allowInline = true : VMs can be defined inline in templates
2015-06-21 13:56:20,612 - Velocimacro : allowInlineToOverride = false : VMs defined inline may NOT replace previous VM definitions
2015-06-21 13:56:20,612 - Velocimacro : allowInlineToOverride = false : VMs defined inline may NOT replace previous VM definitions
2015-06-21 13:56:20,612 - Velocimacro : allowInlineToOverride = false : VMs defined inline may NOT replace previous VM definitions
2015-06-21 13:56:20,612 - Velocimacro : allowInlineLocal = false : VMs defined inline will be global in scope if allowed.
2015-06-21 13:56:20,612 - Velocimacro : allowInlineLocal = false : VMs defined inline will be global in scope if allowed.
2015-06-21 13:56:20,612 - Velocimacro : allowInlineLocal = false : VMs defined inline will be global in scope if allowed.
2015-06-21 13:56:20,612 - Velocimacro : autoload off : VM system will not automatically reload global library macros
2015-06-21 13:56:20,612 - Velocimacro : autoload off : VM system will not automatically reload global library macros
2015-06-21 13:56:20,612 - Velocimacro : autoload off : VM system will not automatically reload global library macros
2015-06-21 13:56:20,616 - ResourceManager : found ./src/main/resources/templates/fa.vm with loader org.apache.velocity.runtime.resource.loader.FileResourceLoader
2015-06-21 13:56:20,616 - ResourceManager : found ./src/main/resources/templates/fa.vm with loader org.apache.velocity.runtime.resource.loader.FileResourceLoader
2015-06-21 13:56:20,616 - ResourceManager : found ./src/main/resources/templates/fa.vm with loader org.apache.velocity.runtime.resource.loader.FileResourceLoader
2015-06-21 13:56:20,617 - ResourceManager : found ./src/main/resources/templates/cabecera.vm with loader org.apache.velocity.runtime.resource.loader.FileResourceLoader
2015-06-21 13:56:20,617 - ResourceManager : found ./src/main/resources/templates/cabecera.vm with loader org.apache.velocity.runtime.resource.loader.FileResourceLoader
2015-06-21 13:56:20,617 - ResourceManager : found ./src/main/resources/templates/cabecera.vm with loader org.apache.velocity.runtime.resource.loader.FileResourceLoader
2015-06-21 17:53:55,924 - Log4JLogChute initialized using file 'velocity.log'
2015-06-21 17:53:55,924 - Initializing Velocity, Calling init()...
2015-06-21 17:53:55,924 - Starting Apache Velocity v1.7 (compiled: 2010-11-19 12:14:37)
2015-06-21 17:53:55,924 - Default Properties File: org\apache\velocity\runtime\defaults\velocity.properties
2015-06-21 17:53:55,924 - Trying to use logger class org.apache.velocity.runtime.log.AvalonLogChute
2015-06-21 17:53:55,924 - Target log system for org.apache.velocity.runtime.log.AvalonLogChute is not available (java.lang.NoClassDefFoundError: org/apache/log/format/Formatter).  Falling back to next log system...
2015-06-21 17:53:55,924 - Trying to use logger class org.apache.velocity.runtime.log.Log4JLogChute
2015-06-21 17:53:55,924 - Using logger class org.apache.velocity.runtime.log.Log4JLogChute
2015-06-21 17:53:55,928 - ResourceLoader instantiated: org.apache.velocity.runtime.resource.loader.FileResourceLoader
2015-06-21 17:53:55,928 - Do unicode file recognition:  false
2015-06-21 17:53:55,928 - FileResourceLoader : adding path '.'
2015-06-21 17:53:55,937 - ResourceCache: initialized (class org.apache.velocity.runtime.resource.ResourceCacheImpl) with class java.util.Collections$SynchronizedMap cache map.
2015-06-21 17:53:55,938 - Loaded System Directive: org.apache.velocity.runtime.directive.Stop
2015-06-21 17:53:55,938 - Loaded System Directive: org.apache.velocity.runtime.directive.Define
2015-06-21 17:53:55,939 - Loaded System Directive: org.apache.velocity.runtime.directive.Break
2015-06-21 17:53:55,939 - Loaded System Directive: org.apache.velocity.runtime.directive.Evaluate
2015-06-21 17:53:55,940 - Loaded System Directive: org.apache.velocity.runtime.directive.Literal
2015-06-21 17:53:55,940 - Loaded System Directive: org.apache.velocity.runtime.directive.Macro
2015-06-21 17:53:55,941 - Loaded System Directive: org.apache.velocity.runtime.directive.Parse
2015-06-21 17:53:55,942 - Loaded System Directive: org.apache.velocity.runtime.directive.Include
2015-06-21 17:53:55,943 - Loaded System Directive: org.apache.velocity.runtime.directive.Foreach
2015-06-21 17:53:55,968 - Created '20' parsers.
2015-06-21 17:53:55,973 - Velocimacro : "velocimacro.library" is not set.  Trying default library: VM_global_library.vm
2015-06-21 17:53:55,973 - Velocimacro : Default library not found.
2015-06-21 17:53:55,973 - Velocimacro : allowInline = true : VMs can be defined inline in templates
2015-06-21 17:53:55,973 - Velocimacro : allowInlineToOverride = false : VMs defined inline may NOT replace previous VM definitions
2015-06-21 17:53:55,973 - Velocimacro : allowInlineLocal = false : VMs defined inline will be global in scope if allowed.
2015-06-21 17:53:55,973 - Velocimacro : autoload off : VM system will not automatically reload global library macros
2015-06-21 17:53:55,996 - ResourceManager : found ./src/main/resources/templates/todos.vm with loader org.apache.velocity.runtime.resource.loader.FileResourceLoader
2015-06-21 17:53:55,999 - ResourceManager : found ./src/main/resources/templates/cabecera.vm with loader org.apache.velocity.runtime.resource.loader.FileResourceLoader
2015-06-21 17:53:56,052 - Left side ($jugador.obs) of '==' operation has null value. If it is a reference, it may not be in the context or its toString() returned null. ./src/main/resources/templates/todos.vm[line 113, column 111]
2015-06-21 17:53:56,052 - Left side ($jugador.obs) of '==' operation has null value. If it is a reference, it may not be in the context or its toString() returned null. ./src/main/resources/templates/todos.vm[line 123, column 112]
2015-06-21 17:53:56,052 - Left side ($jugador.obs) of '==' operation has null value. If it is a reference, it may not be in the context or its toString() returned null. ./src/main/resources/templates/todos.vm[line 113, column 111]
2015-06-21 17:53:56,053 - Left side ($jugador.obs) of '==' operation has null value. If it is a reference, it may not be in the context or its toString() returned null. ./src/main/resources/templates/todos.vm[line 123, column 112]
2015-06-21 17:53:56,057 - Left side ($jugador.obs) of '==' operation has null value. If it is a reference, it may not be in the context or its toString() returned null. ./src/main/resources/templates/todos.vm[line 113, column 111]
2015-06-21 17:53:56,058 - Left side ($jugador.obs) of '==' operation has null value. If it is a reference, it may not be in the context or its toString() returned null. ./src/main/resources/templates/todos.vm[line 123, column 112]
2015-06-21 17:53:56,075 - Left side ($jugador.obs) of '==' operation has null value. If it is a reference, it may not be in the context or its toString() returned null. ./src/main/resources/templates/todos.vm[line 113, column 111]
2015-06-21 17:53:56,075 - Left side ($jugador.obs) of '==' operation has null value. If it is a reference, it may not be in the context or its toString() returned null. ./src/main/resources/templates/todos.vm[line 123, column 112]
2015-06-21 17:53:56,077 - Left side ($jugador.obs) of '==' operation has null value. If it is a reference, it may not be in the context or its toString() returned null. ./src/main/resources/templates/todos.vm[line 113, column 111]
2015-06-21 17:53:56,077 - Left side ($jugador.obs) of '==' operation has null value. If it is a reference, it may not be in the context or its toString() returned null. ./src/main/resources/templates/todos.vm[line 123, column 112]
2015-06-21 17:53:56,077 - Left side ($jugador.obs) of '==' operation has null value. If it is a reference, it may not be in the context or its toString() returned null. ./src/main/resources/templates/todos.vm[line 113, column 111]
2015-06-21 17:53:56,077 - Left side ($jugador.obs) of '==' operation has null value. If it is a reference, it may not be in the context or its toString() returned null. ./src/main/resources/templates/todos.vm[line 123, column 112]
2015-06-21 17:53:56,077 - Left side ($jugador.obs) of '==' operation has null value. If it is a reference, it may not be in the context or its toString() returned null. ./src/main/resources/templates/todos.vm[line 113, column 111]
2015-06-21 17:53:56,077 - Left side ($jugador.obs) of '==' operation has null value. If it is a reference, it may not be in the context or its toString() returned null. ./src/main/resources/templates/todos.vm[line 123, column 112]
2015-06-21 17:53:56,078 - Left side ($jugador.obs) of '==' operation has null value. If it is a reference, it may not be in the context or its toString() returned null. ./src/main/resources/templates/todos.vm[line 113, column 111]
2015-06-21 17:53:56,078 - Left side ($jugador.obs) of '==' operation has null value. If it is a reference, it may not be in the context or its toString() returned null. ./src/main/resources/templates/todos.vm[line 123, column 112]
2015-06-21 17:53:56,080 - Left side ($jugador.obs) of '==' operation has null value. If it is a reference, it may not be in the context or its toString() returned null. ./src/main/resources/templates/todos.vm[line 113, column 111]
2015-06-21 17:53:56,080 - Left side ($jugador.obs) of '==' operation has null value. If it is a reference, it may not be in the context or its toString() returned null. ./src/main/resources/templates/todos.vm[line 123, column 112]
2015-06-21 17:53:56,082 - Left side ($jugador.obs) of '==' operation has null value. If it is a reference, it may not be in the context or its toString() returned null. ./src/main/resources/templates/todos.vm[line 113, column 111]
2015-06-21 17:53:56,082 - Left side ($jugador.obs) of '==' operation has null value. If it is a reference, it may not be in the context or its toString() returned null. ./src/main/resources/templates/todos.vm[line 123, column 112]
2015-06-21 17:53:56,090 - Left side ($jugador.obs) of '==' operation has null value. If it is a reference, it may not be in the context or its toString() returned null. ./src/main/resources/templates/todos.vm[line 113, column 111]
2015-06-21 17:53:56,091 - Left side ($jugador.obs) of '==' operation has null value. If it is a reference, it may not be in the context or its toString() returned null. ./src/main/resources/templates/todos.vm[line 123, column 112]
2015-06-21 17:53:56,101 - Left side ($jugador.obs) of '==' operation has null value. If it is a reference, it may not be in the context or its toString() returned null. ./src/main/resources/templates/todos.vm[line 113, column 111]
2015-06-21 17:53:56,101 - Left side ($jugador.obs) of '==' operation has null value. If it is a reference, it may not be in the context or its toString() returned null. ./src/main/resources/templates/todos.vm[line 123, column 112]
2015-06-21 17:53:56,103 - Left side ($jugador.obs) of '==' operation has null value. If it is a reference, it may not be in the context or its toString() returned null. ./src/main/resources/templates/todos.vm[line 113, column 111]
2015-06-21 17:53:56,104 - Left side ($jugador.obs) of '==' operation has null value. If it is a reference, it may not be in the context or its toString() returned null. ./src/main/resources/templates/todos.vm[line 123, column 112]
2015-06-21 17:53:56,104 - Left side ($jugador.obs) of '==' operation has null value. If it is a reference, it may not be in the context or its toString() returned null. ./src/main/resources/templates/todos.vm[line 113, column 111]
2015-06-21 17:53:56,104 - Left side ($jugador.obs) of '==' operation has null value. If it is a reference, it may not be in the context or its toString() returned null. ./src/main/resources/templates/todos.vm[line 123, column 112]
2015-06-21 17:53:56,107 - Left side ($jugador.obs) of '==' operation has null value. If it is a reference, it may not be in the context or its toString() returned null. ./src/main/resources/templates/todos.vm[line 113, column 111]
2015-06-21 17:53:56,107 - Left side ($jugador.obs) of '==' operation has null value. If it is a reference, it may not be in the context or its toString() returned null. ./src/main/resources/templates/todos.vm[line 123, column 112]
2015-06-21 17:53:56,108 - Left side ($jugador.obs) of '==' operation has null value. If it is a reference, it may not be in the context or its toString() returned null. ./src/main/resources/templates/todos.vm[line 113, column 111]
2015-06-21 17:53:56,108 - Left side ($jugador.obs) of '==' operation has null value. If it is a reference, it may not be in the context or its toString() returned null. ./src/main/resources/templates/todos.vm[line 123, column 112]
2015-06-21 17:53:56,283 - Log4JLogChute initialized using file 'velocity.log'
2015-06-21 17:53:56,283 - Initializing Velocity, Calling init()...
2015-06-21 17:53:56,283 - Starting Apache Velocity v1.7 (compiled: 2010-11-19 12:14:37)
2015-06-21 17:53:56,283 - Default Properties File: org\apache\velocity\runtime\defaults\velocity.properties
2015-06-21 17:53:56,283 - Trying to use logger class org.apache.velocity.runtime.log.AvalonLogChute
2015-06-21 17:53:56,283 - Target log system for org.apache.velocity.runtime.log.AvalonLogChute is not available (java.lang.NoClassDefFoundError: org/apache/log/format/Formatter).  Falling back to next log system...
2015-06-21 17:53:56,283 - Trying to use logger class org.apache.velocity.runtime.log.Log4JLogChute
2015-06-21 17:53:56,283 - Using logger class org.apache.velocity.runtime.log.Log4JLogChute
2015-06-21 17:53:56,284 - ResourceLoader instantiated: org.apache.velocity.runtime.resource.loader.FileResourceLoader
2015-06-21 17:53:56,284 - Do unicode file recognition:  false
2015-06-21 17:53:56,284 - FileResourceLoader : adding path '.'
2015-06-21 17:53:56,284 - ResourceCache: initialized (class org.apache.velocity.runtime.resource.ResourceCacheImpl) with class java.util.Collections$SynchronizedMap cache map.
2015-06-21 17:53:56,284 - Loaded System Directive: org.apache.velocity.runtime.directive.Stop
2015-06-21 17:53:56,284 - Loaded System Directive: org.apache.velocity.runtime.directive.Define
2015-06-21 17:53:56,284 - Loaded System Directive: org.apache.velocity.runtime.directive.Break
2015-06-21 17:53:56,284 - Loaded System Directive: org.apache.velocity.runtime.directive.Evaluate
2015-06-21 17:53:56,284 - Loaded System Directive: org.apache.velocity.runtime.directive.Literal
2015-06-21 17:53:56,284 - Loaded System Directive: org.apache.velocity.runtime.directive.Macro
2015-06-21 17:53:56,284 - Loaded System Directive: org.apache.velocity.runtime.directive.Parse
2015-06-21 17:53:56,285 - Loaded System Directive: org.apache.velocity.runtime.directive.Include
2015-06-21 17:53:56,285 - Loaded System Directive: org.apache.velocity.runtime.directive.Foreach
2015-06-21 17:53:56,286 - Created '20' parsers.
2015-06-21 17:53:56,286 - Velocimacro : "velocimacro.library" is not set.  Trying default library: VM_global_library.vm
2015-06-21 17:53:56,286 - Velocimacro : Default library not found.
2015-06-21 17:53:56,286 - Velocimacro : allowInline = true : VMs can be defined inline in templates
2015-06-21 17:53:56,286 - Velocimacro : allowInlineToOverride = false : VMs defined inline may NOT replace previous VM definitions
2015-06-21 17:53:56,286 - Velocimacro : allowInlineLocal = false : VMs defined inline will be global in scope if allowed.
2015-06-21 17:53:56,286 - Velocimacro : autoload off : VM system will not automatically reload global library macros
2015-06-21 17:53:56,314 - ResourceManager : found ./src/main/resources/templates/roster.vm with loader org.apache.velocity.runtime.resource.loader.FileResourceLoader
2015-06-21 17:53:56,315 - ResourceManager : found ./src/main/resources/templates/cabecera.vm with loader org.apache.velocity.runtime.resource.loader.FileResourceLoader
2015-06-21 17:53:57,595 - Log4JLogChute initialized using file 'velocity.log'
2015-06-21 17:53:57,595 - Log4JLogChute initialized using file 'velocity.log'
2015-06-21 17:53:57,595 - Initializing Velocity, Calling init()...
2015-06-21 17:53:57,595 - Initializing Velocity, Calling init()...
2015-06-21 17:53:57,595 - Starting Apache Velocity v1.7 (compiled: 2010-11-19 12:14:37)
2015-06-21 17:53:57,595 - Starting Apache Velocity v1.7 (compiled: 2010-11-19 12:14:37)
2015-06-21 17:53:57,596 - Default Properties File: org\apache\velocity\runtime\defaults\velocity.properties
2015-06-21 17:53:57,596 - Default Properties File: org\apache\velocity\runtime\defaults\velocity.properties
2015-06-21 17:53:57,596 - Trying to use logger class org.apache.velocity.runtime.log.AvalonLogChute
2015-06-21 17:53:57,596 - Trying to use logger class org.apache.velocity.runtime.log.AvalonLogChute
2015-06-21 17:53:57,596 - Target log system for org.apache.velocity.runtime.log.AvalonLogChute is not available (java.lang.NoClassDefFoundError: org/apache/log/format/Formatter).  Falling back to next log system...
2015-06-21 17:53:57,596 - Target log system for org.apache.velocity.runtime.log.AvalonLogChute is not available (java.lang.NoClassDefFoundError: org/apache/log/format/Formatter).  Falling back to next log system...
2015-06-21 17:53:57,596 - Trying to use logger class org.apache.velocity.runtime.log.Log4JLogChute
2015-06-21 17:53:57,596 - Trying to use logger class org.apache.velocity.runtime.log.Log4JLogChute
2015-06-21 17:53:57,596 - Using logger class org.apache.velocity.runtime.log.Log4JLogChute
2015-06-21 17:53:57,596 - Using logger class org.apache.velocity.runtime.log.Log4JLogChute
2015-06-21 17:53:57,596 - ResourceLoader instantiated: org.apache.velocity.runtime.resource.loader.FileResourceLoader
2015-06-21 17:53:57,596 - ResourceLoader instantiated: org.apache.velocity.runtime.resource.loader.FileResourceLoader
2015-06-21 17:53:57,596 - Do unicode file recognition:  false
2015-06-21 17:53:57,596 - Do unicode file recognition:  false
2015-06-21 17:53:57,596 - FileResourceLoader : adding path '.'
2015-06-21 17:53:57,596 - FileResourceLoader : adding path '.'
2015-06-21 17:53:57,596 - ResourceCache: initialized (class org.apache.velocity.runtime.resource.ResourceCacheImpl) with class java.util.Collections$SynchronizedMap cache map.
2015-06-21 17:53:57,596 - ResourceCache: initialized (class org.apache.velocity.runtime.resource.ResourceCacheImpl) with class java.util.Collections$SynchronizedMap cache map.
2015-06-21 17:53:57,597 - Loaded System Directive: org.apache.velocity.runtime.directive.Stop
2015-06-21 17:53:57,597 - Loaded System Directive: org.apache.velocity.runtime.directive.Stop
2015-06-21 17:53:57,597 - Loaded System Directive: org.apache.velocity.runtime.directive.Define
2015-06-21 17:53:57,597 - Loaded System Directive: org.apache.velocity.runtime.directive.Define
2015-06-21 17:53:57,597 - Loaded System Directive: org.apache.velocity.runtime.directive.Break
2015-06-21 17:53:57,597 - Loaded System Directive: org.apache.velocity.runtime.directive.Break
2015-06-21 17:53:57,597 - Loaded System Directive: org.apache.velocity.runtime.directive.Evaluate
2015-06-21 17:53:57,597 - Loaded System Directive: org.apache.velocity.runtime.directive.Evaluate
2015-06-21 17:53:57,597 - Loaded System Directive: org.apache.velocity.runtime.directive.Literal
2015-06-21 17:53:57,597 - Loaded System Directive: org.apache.velocity.runtime.directive.Literal
2015-06-21 17:53:57,597 - Loaded System Directive: org.apache.velocity.runtime.directive.Macro
2015-06-21 17:53:57,597 - Loaded System Directive: org.apache.velocity.runtime.directive.Macro
2015-06-21 17:53:57,597 - Loaded System Directive: org.apache.velocity.runtime.directive.Parse
2015-06-21 17:53:57,597 - Loaded System Directive: org.apache.velocity.runtime.directive.Parse
2015-06-21 17:53:57,597 - Loaded System Directive: org.apache.velocity.runtime.directive.Include
2015-06-21 17:53:57,597 - Loaded System Directive: org.apache.velocity.runtime.directive.Include
2015-06-21 17:53:57,597 - Loaded System Directive: org.apache.velocity.runtime.directive.Foreach
2015-06-21 17:53:57,597 - Loaded System Directive: org.apache.velocity.runtime.directive.Foreach
2015-06-21 17:53:57,598 - Created '20' parsers.
2015-06-21 17:53:57,598 - Created '20' parsers.
2015-06-21 17:53:57,599 - Velocimacro : "velocimacro.library" is not set.  Trying default library: VM_global_library.vm
2015-06-21 17:53:57,599 - Velocimacro : "velocimacro.library" is not set.  Trying default library: VM_global_library.vm
2015-06-21 17:53:57,599 - Velocimacro : Default library not found.
2015-06-21 17:53:57,599 - Velocimacro : Default library not found.
2015-06-21 17:53:57,599 - Velocimacro : allowInline = true : VMs can be defined inline in templates
2015-06-21 17:53:57,599 - Velocimacro : allowInline = true : VMs can be defined inline in templates
2015-06-21 17:53:57,599 - Velocimacro : allowInlineToOverride = false : VMs defined inline may NOT replace previous VM definitions
2015-06-21 17:53:57,599 - Velocimacro : allowInlineToOverride = false : VMs defined inline may NOT replace previous VM definitions
2015-06-21 17:53:57,599 - Velocimacro : allowInlineLocal = false : VMs defined inline will be global in scope if allowed.
2015-06-21 17:53:57,599 - Velocimacro : allowInlineLocal = false : VMs defined inline will be global in scope if allowed.
2015-06-21 17:53:57,599 - Velocimacro : autoload off : VM system will not automatically reload global library macros
2015-06-21 17:53:57,599 - Velocimacro : autoload off : VM system will not automatically reload global library macros
2015-06-21 17:53:57,621 - ResourceManager : found ./src/main/resources/templates/roster.vm with loader org.apache.velocity.runtime.resource.loader.FileResourceLoader
2015-06-21 17:53:57,621 - ResourceManager : found ./src/main/resources/templates/roster.vm with loader org.apache.velocity.runtime.resource.loader.FileResourceLoader
2015-06-21 17:53:57,622 - ResourceManager : found ./src/main/resources/templates/cabecera.vm with loader org.apache.velocity.runtime.resource.loader.FileResourceLoader
2015-06-21 17:53:57,622 - ResourceManager : found ./src/main/resources/templates/cabecera.vm with loader org.apache.velocity.runtime.resource.loader.FileResourceLoader
2015-06-21 17:53:57,657 - Log4JLogChute initialized using file 'velocity.log'
2015-06-21 17:53:57,657 - Log4JLogChute initialized using file 'velocity.log'
2015-06-21 17:53:57,657 - Log4JLogChute initialized using file 'velocity.log'
2015-06-21 17:53:57,657 - Initializing Velocity, Calling init()...
2015-06-21 17:53:57,657 - Initializing Velocity, Calling init()...
2015-06-21 17:53:57,657 - Initializing Velocity, Calling init()...
2015-06-21 17:53:57,657 - Starting Apache Velocity v1.7 (compiled: 2010-11-19 12:14:37)
2015-06-21 17:53:57,657 - Starting Apache Velocity v1.7 (compiled: 2010-11-19 12:14:37)
2015-06-21 17:53:57,657 - Starting Apache Velocity v1.7 (compiled: 2010-11-19 12:14:37)
2015-06-21 17:53:57,657 - Default Properties File: org\apache\velocity\runtime\defaults\velocity.properties
2015-06-21 17:53:57,657 - Default Properties File: org\apache\velocity\runtime\defaults\velocity.properties
2015-06-21 17:53:57,657 - Default Properties File: org\apache\velocity\runtime\defaults\velocity.properties
2015-06-21 17:53:57,657 - Trying to use logger class org.apache.velocity.runtime.log.AvalonLogChute
2015-06-21 17:53:57,657 - Trying to use logger class org.apache.velocity.runtime.log.AvalonLogChute
2015-06-21 17:53:57,657 - Trying to use logger class org.apache.velocity.runtime.log.AvalonLogChute
2015-06-21 17:53:57,657 - Target log system for org.apache.velocity.runtime.log.AvalonLogChute is not available (java.lang.NoClassDefFoundError: org/apache/log/format/Formatter).  Falling back to next log system...
2015-06-21 17:53:57,657 - Target log system for org.apache.velocity.runtime.log.AvalonLogChute is not available (java.lang.NoClassDefFoundError: org/apache/log/format/Formatter).  Falling back to next log system...
2015-06-21 17:53:57,657 - Target log system for org.apache.velocity.runtime.log.AvalonLogChute is not available (java.lang.NoClassDefFoundError: org/apache/log/format/Formatter).  Falling back to next log system...
2015-06-21 17:53:57,657 - Trying to use logger class org.apache.velocity.runtime.log.Log4JLogChute
2015-06-21 17:53:57,657 - Trying to use logger class org.apache.velocity.runtime.log.Log4JLogChute
2015-06-21 17:53:57,657 - Trying to use logger class org.apache.velocity.runtime.log.Log4JLogChute
2015-06-21 17:53:57,657 - Using logger class org.apache.velocity.runtime.log.Log4JLogChute
2015-06-21 17:53:57,657 - Using logger class org.apache.velocity.runtime.log.Log4JLogChute
2015-06-21 17:53:57,657 - Using logger class org.apache.velocity.runtime.log.Log4JLogChute
2015-06-21 17:53:57,657 - ResourceLoader instantiated: org.apache.velocity.runtime.resource.loader.FileResourceLoader
2015-06-21 17:53:57,657 - ResourceLoader instantiated: org.apache.velocity.runtime.resource.loader.FileResourceLoader
2015-06-21 17:53:57,657 - ResourceLoader instantiated: org.apache.velocity.runtime.resource.loader.FileResourceLoader
2015-06-21 17:53:57,657 - Do unicode file recognition:  false
2015-06-21 17:53:57,657 - Do unicode file recognition:  false
2015-06-21 17:53:57,657 - Do unicode file recognition:  false
2015-06-21 17:53:57,657 - FileResourceLoader : adding path '.'
2015-06-21 17:53:57,657 - FileResourceLoader : adding path '.'
2015-06-21 17:53:57,657 - FileResourceLoader : adding path '.'
2015-06-21 17:53:57,657 - ResourceCache: initialized (class org.apache.velocity.runtime.resource.ResourceCacheImpl) with class java.util.Collections$SynchronizedMap cache map.
2015-06-21 17:53:57,657 - ResourceCache: initialized (class org.apache.velocity.runtime.resource.ResourceCacheImpl) with class java.util.Collections$SynchronizedMap cache map.
2015-06-21 17:53:57,657 - ResourceCache: initialized (class org.apache.velocity.runtime.resource.ResourceCacheImpl) with class java.util.Collections$SynchronizedMap cache map.
2015-06-21 17:53:57,657 - Loaded System Directive: org.apache.velocity.runtime.directive.Stop
2015-06-21 17:53:57,657 - Loaded System Directive: org.apache.velocity.runtime.directive.Stop
2015-06-21 17:53:57,657 - Loaded System Directive: org.apache.velocity.runtime.directive.Stop
2015-06-21 17:53:57,658 - Loaded System Directive: org.apache.velocity.runtime.directive.Define
2015-06-21 17:53:57,658 - Loaded System Directive: org.apache.velocity.runtime.directive.Define
2015-06-21 17:53:57,658 - Loaded System Directive: org.apache.velocity.runtime.directive.Define
2015-06-21 17:53:57,658 - Loaded System Directive: org.apache.velocity.runtime.directive.Break
2015-06-21 17:53:57,658 - Loaded System Directive: org.apache.velocity.runtime.directive.Break
2015-06-21 17:53:57,658 - Loaded System Directive: org.apache.velocity.runtime.directive.Break
2015-06-21 17:53:57,658 - Loaded System Directive: org.apache.velocity.runtime.directive.Evaluate
2015-06-21 17:53:57,658 - Loaded System Directive: org.apache.velocity.runtime.directive.Evaluate
2015-06-21 17:53:57,658 - Loaded System Directive: org.apache.velocity.runtime.directive.Evaluate
2015-06-21 17:53:57,658 - Loaded System Directive: org.apache.velocity.runtime.directive.Literal
2015-06-21 17:53:57,658 - Loaded System Directive: org.apache.velocity.runtime.directive.Literal
2015-06-21 17:53:57,658 - Loaded System Directive: org.apache.velocity.runtime.directive.Literal
2015-06-21 17:53:57,658 - Loaded System Directive: org.apache.velocity.runtime.directive.Macro
2015-06-21 17:53:57,658 - Loaded System Directive: org.apache.velocity.runtime.directive.Macro
2015-06-21 17:53:57,658 - Loaded System Directive: org.apache.velocity.runtime.directive.Macro
2015-06-21 17:53:57,658 - Loaded System Directive: org.apache.velocity.runtime.directive.Parse
2015-06-21 17:53:57,658 - Loaded System Directive: org.apache.velocity.runtime.directive.Parse
2015-06-21 17:53:57,658 - Loaded System Directive: org.apache.velocity.runtime.directive.Parse
2015-06-21 17:53:57,658 - Loaded System Directive: org.apache.velocity.runtime.directive.Include
2015-06-21 17:53:57,658 - Loaded System Directive: org.apache.velocity.runtime.directive.Include
2015-06-21 17:53:57,658 - Loaded System Directive: org.apache.velocity.runtime.directive.Include
2015-06-21 17:53:57,658 - Loaded System Directive: org.apache.velocity.runtime.directive.Foreach
2015-06-21 17:53:57,658 - Loaded System Directive: org.apache.velocity.runtime.directive.Foreach
2015-06-21 17:53:57,658 - Loaded System Directive: org.apache.velocity.runtime.directive.Foreach
2015-06-21 17:53:57,659 - Created '20' parsers.
2015-06-21 17:53:57,659 - Created '20' parsers.
2015-06-21 17:53:57,659 - Created '20' parsers.
2015-06-21 17:53:57,659 - Velocimacro : "velocimacro.library" is not set.  Trying default library: VM_global_library.vm
2015-06-21 17:53:57,659 - Velocimacro : "velocimacro.library" is not set.  Trying default library: VM_global_library.vm
2015-06-21 17:53:57,659 - Velocimacro : "velocimacro.library" is not set.  Trying default library: VM_global_library.vm
2015-06-21 17:53:57,659 - Velocimacro : Default library not found.
2015-06-21 17:53:57,659 - Velocimacro : Default library not found.
2015-06-21 17:53:57,659 - Velocimacro : Default library not found.
2015-06-21 17:53:57,659 - Velocimacro : allowInline = true : VMs can be defined inline in templates
2015-06-21 17:53:57,659 - Velocimacro : allowInline = true : VMs can be defined inline in templates
2015-06-21 17:53:57,659 - Velocimacro : allowInline = true : VMs can be defined inline in templates
2015-06-21 17:53:57,659 - Velocimacro : allowInlineToOverride = false : VMs defined inline may NOT replace previous VM definitions
2015-06-21 17:53:57,659 - Velocimacro : allowInlineToOverride = false : VMs defined inline may NOT replace previous VM definitions
2015-06-21 17:53:57,659 - Velocimacro : allowInlineToOverride = false : VMs defined inline may NOT replace previous VM definitions
2015-06-21 17:53:57,659 - Velocimacro : allowInlineLocal = false : VMs defined inline will be global in scope if allowed.
2015-06-21 17:53:57,659 - Velocimacro : allowInlineLocal = false : VMs defined inline will be global in scope if allowed.
2015-06-21 17:53:57,659 - Velocimacro : allowInlineLocal = false : VMs defined inline will be global in scope if allowed.
2015-06-21 17:53:57,659 - Velocimacro : autoload off : VM system will not automatically reload global library macros
2015-06-21 17:53:57,659 - Velocimacro : autoload off : VM system will not automatically reload global library macros
2015-06-21 17:53:57,659 - Velocimacro : autoload off : VM system will not automatically reload global library macros
2015-06-21 17:53:57,663 - ResourceManager : found ./src/main/resources/templates/fa.vm with loader org.apache.velocity.runtime.resource.loader.FileResourceLoader
2015-06-21 17:53:57,663 - ResourceManager : found ./src/main/resources/templates/fa.vm with loader org.apache.velocity.runtime.resource.loader.FileResourceLoader
2015-06-21 17:53:57,663 - ResourceManager : found ./src/main/resources/templates/fa.vm with loader org.apache.velocity.runtime.resource.loader.FileResourceLoader
2015-06-21 17:53:57,664 - ResourceManager : found ./src/main/resources/templates/cabecera.vm with loader org.apache.velocity.runtime.resource.loader.FileResourceLoader
2015-06-21 17:53:57,664 - ResourceManager : found ./src/main/resources/templates/cabecera.vm with loader org.apache.velocity.runtime.resource.loader.FileResourceLoader
2015-06-21 17:53:57,664 - ResourceManager : found ./src/main/resources/templates/cabecera.vm with loader org.apache.velocity.runtime.resource.loader.FileResourceLoader
